2020-05-18 10:12:32,349 - instabot version: 0.117.0 (bot) - INFO - Instabot version: 0.117.0 Started
2020-05-18 10:12:32,350 - instabot version: 0.117.0 (bot) - DEBUG - Bot imported from C:\Users\Andrea\AppData\Local\Programs\Python\Python38\lib\site-packages\instabot\bot\bot.py
2020-05-18 10:12:32,354 - instabot version: 0.117.0 (api_login) - DEBUG - Loading cookies
2020-05-18 10:12:32,354 - instabot version: 0.117.0 (api_login) - DEBUG - Loading uuids
2020-05-18 10:12:32,354 - instabot version: 0.117.0 (api_login) - INFO - Recovery from G:\Git\ThisWordDoesNotExist/config/atlantisprovaprova_uuid_and_cookie.json: COOKIE True - UUIDs True - TIMING, DEVICE and ...
- user-agent=Instagram 117.0.0.28.123 Android (28/9.0; 420dpi; 1080x1920; OnePlus; ONEPLUS A3003; OnePlus3; qcom; en_US; 180322800)
- phone_id=dcd47773-8b2a-46b6-b970-f6a007f85a33
- uuid=dc85f952-d6b4-4637-ae7d-3fb77dce63bc
- client_session_id=2c730ede-4886-4a2d-a3ab-04884753b1a3
- device_id=android-6e92b0940af80929
2020-05-18 10:12:32,355 - instabot version: 0.117.0 (api_login) - INFO - LOGIN FLOW! Just logged-in: False
2020-05-18 10:12:33,264 - instabot version: 0.117.0 (api) - DEBUG - POST to endpoint: feed/timeline/ returned response: <Response [200]>
2020-05-18 10:12:33,568 - instabot version: 0.117.0 (api) - DEBUG - POST to endpoint: feed/reels_tray/ returned response: <Response [200]>
2020-05-18 10:12:33,568 - instabot version: 0.117.0 (api) - INFO - Logged-in successfully as 'atlantisprovaprova'!
2020-05-18 10:12:33,569 - instabot version: 0.117.0 (bot_checkpoint) - DEBUG - Loading Checkpoint file from: G:\Git\ThisWordDoesNotExist/config/atlantisprovaprova.checkpoint
2020-05-18 10:12:56,368 - instabot version: 0.117.0 (api) - DEBUG - POST to endpoint: media/configure/? returned response: <Response [200]>
2020-05-18 10:12:56,601 - instabot version: 0.117.0 (api) - DEBUG - POST to endpoint: qe/expose/ returned response: <Response [200]>
2020-05-18 10:12:56,602 - instabot version: 0.117.0 (bot_photo) - INFO - Photo 'test.jpg' is uploaded.
2020-05-18 10:15:22,468 - instabot version: 0.117.0 (api) - DEBUG - POST to endpoint: media/configure/? returned response: <Response [200]>
2020-05-18 10:15:22,664 - instabot version: 0.117.0 (api) - DEBUG - POST to endpoint: qe/expose/ returned response: <Response [200]>
2020-05-18 10:15:22,665 - instabot version: 0.117.0 (bot_photo) - INFO - Photo 'test.jpg' is uploaded.
2020-05-18 10:15:40,562 - instabot version: 0.117.0 (bot_checkpoint) - DEBUG - Saving Checkpoint file to: G:\Git\ThisWordDoesNotExist/config/atlantisprovaprova.checkpoint
2020-05-18 10:15:40,562 - instabot version: 0.117.0 (bot) - INFO - Total requests: 39
